Command:  ../vRhyme -i example_scaffolds.fasta -c example_coverage_values.tsv -p example_scaffolds.prodigal.faa -g example_scaffolds.prodigal.ffn -o example_results_v1.0.0 -t 2

Date:     2021-11-30 (y-m-d)
Start:    16:21:26   (h:m:s)
Program:  vRhyme v1.0.0


Time (min) |  Log                                                   
--------------------------------------------------------------------
0.0           Initializing and validating vRhyme parameters
0.01          Performing pairwise coverage comparisons
0.02          Generating codon usage features
0.04          Generating nucleotide features
0.06          Performing pairwise distance calculations
0.06          Performing machine learning classification
0.08          Generating networks of bins
0.14          Extracting information for all possible unique bins
0.14          Running mmseqs2 linclust for bin redundancy scoring
0.14          Parsing linclust protein clusters
0.14          Scoring all possible unique bins
0.14          Identifying best set of bins from 10 iterations
0.14          Extracting binning summary statistics for each iteration
0.14          Writing finalized bin sequences to individual fasta files
0.14          vRhyme binning complete

Memory usage:       366.34
Runtime (min):      0.14
Bins generated:     2
Binned sequences:   8 (66.7%)
Input sequences:    12
Binned proteins:    136
Redundant proteins: 0 (0.0%)
Best iteration:     0
vRhyme score:       0.6042


______________________________________________________________________

             ## ## ## ##                                              
             ##       ##  ##      ##     ##    ## ## ##     # ## ##   
##       ##  ##       ##  ##       ##    ##  ##   ##   ##  ##      #  
 ##     ##   ##     ##    ##         ## ##   ##   ##   ##  ## ## ##   
  ##   ##    ## ####      ## ## ##     ##    ##   ##   ##  ##         
   ## ##     ##   ##      ##    ##    ##     ##   ##   ##  ##         
    ###      ##     ##    ##    ##   ##      ##   ##   ##   ## ## ##  
______________________________________________________________________


